Mdi:ArrangeIcons
wm geometry . 900x765+0+85
Mdi:ArrangeIcons
Mdi:ArrangeIcons
Mdi:ArrangeIcons
Mdi:ArrangeIcons
wm geometry . 900x765+-5+84
Mdi:ArrangeIcons
wm geometry . 900x765+-6+84
Mdi:ArrangeIcons
wm geometry . 900x765+-7+84
Mdi:ArrangeIcons
wm geometry . 900x765+-8+84
Mdi:ArrangeIcons
wm geometry . 900x765+-9+84
Mdi:ArrangeIcons
wm geometry . 900x765+-10+84
Mdi:ArrangeIcons
wm geometry . 900x765+-11+84
Mdi:ArrangeIcons
wm geometry . 900x765+-12+84
Mdi:ArrangeIcons
wm geometry . 900x765+-14+84
Mdi:ArrangeIcons
wm geometry . 900x765+-15+84
Mdi:ArrangeIcons
wm geometry . 900x765+-20+84
Mdi:ArrangeIcons
wm geometry . 900x765+-21+84
Mdi:ArrangeIcons
wm geometry . 900x765+-24+84
Mdi:ArrangeIcons
wm geometry . 900x765+-27+84
Mdi:ArrangeIcons
wm geometry . 900x765+-28+84
Mdi:ArrangeIcons
wm geometry . 900x765+-31+84
Mdi:ArrangeIcons
wm geometry . 900x765+-33+84
Mdi:ArrangeIcons
wm geometry . 900x765+-36+85
Mdi:ArrangeIcons
wm geometry . 900x765+-40+85
Mdi:ArrangeIcons
wm geometry . 900x765+-42+85
Mdi:ArrangeIcons
wm geometry . 900x765+-47+85
Mdi:ArrangeIcons
wm geometry . 900x765+-49+86
Mdi:ArrangeIcons
wm geometry . 900x765+-54+86
Mdi:ArrangeIcons
wm geometry . 900x765+-60+86
Mdi:ArrangeIcons
wm geometry . 900x765+-63+86
Mdi:ArrangeIcons
wm geometry . 900x765+-66+86
Mdi:ArrangeIcons
wm geometry . 900x765+-75+86
Mdi:ArrangeIcons
wm geometry . 900x765+-79+86
Mdi:ArrangeIcons
wm geometry . 900x765+-86+86
Mdi:ArrangeIcons
wm geometry . 900x765+-93+87
Mdi:ArrangeIcons
wm geometry . 900x765+-101+87
Mdi:ArrangeIcons
wm geometry . 900x765+-111+87
Mdi:ArrangeIcons
wm geometry . 900x765+-116+87
Mdi:ArrangeIcons
wm geometry . 900x765+-127+87
Mdi:ArrangeIcons
wm geometry . 900x765+-138+87
Mdi:ArrangeIcons
wm geometry . 900x765+-144+87
Mdi:ArrangeIcons
wm geometry . 900x765+-156+87
Mdi:ArrangeIcons
wm geometry . 900x765+-161+87
Mdi:ArrangeIcons
wm geometry . 900x765+-176+86
Mdi:ArrangeIcons
wm geometry . 900x765+-183+86
Mdi:ArrangeIcons
wm geometry . 900x765+-188+86
Mdi:ArrangeIcons
wm geometry . 900x765+-203+86
Mdi:ArrangeIcons
wm geometry . 900x765+-211+86
Mdi:ArrangeIcons
wm geometry . 900x765+-227+86
Mdi:ArrangeIcons
wm geometry . 900x765+-235+85
Mdi:ArrangeIcons
wm geometry . 900x765+-250+85
Mdi:ArrangeIcons
wm geometry . 900x765+-258+84
Mdi:ArrangeIcons
wm geometry . 900x765+-270+84
Mdi:ArrangeIcons
wm geometry . 900x765+-286+83
Mdi:ArrangeIcons
wm geometry . 900x765+-304+82
Mdi:ArrangeIcons
wm geometry . 900x765+-313+82
Mdi:ArrangeIcons
wm geometry . 900x765+-321+82
Mdi:ArrangeIcons
wm geometry . 900x765+-331+81
Mdi:ArrangeIcons
wm geometry . 900x765+-349+80
Mdi:ArrangeIcons
wm geometry . 900x765+-368+79
Mdi:ArrangeIcons
wm geometry . 900x765+-387+78
Mdi:ArrangeIcons
wm geometry . 900x765+-406+77
Mdi:ArrangeIcons
wm geometry . 900x765+-415+77
Mdi:ArrangeIcons
wm geometry . 900x765+-455+75
Mdi:ArrangeIcons
wm geometry . 900x765+-466+74
Mdi:ArrangeIcons
wm geometry . 900x765+-485+73
Mdi:ArrangeIcons
wm geometry . 900x765+-494+72
Mdi:ArrangeIcons
wm geometry . 900x765+-526+70
Mdi:ArrangeIcons
wm geometry . 900x765+-537+69
Mdi:ArrangeIcons
wm geometry . 900x765+-560+68
Mdi:ArrangeIcons
wm geometry . 900x765+-581+67
Mdi:ArrangeIcons
wm geometry . 900x765+-624+64
Mdi:ArrangeIcons
wm geometry . 900x765+-656+63
Mdi:ArrangeIcons
wm geometry . 900x765+-666+63
Mdi:ArrangeIcons
wm geometry . 900x765+-689+62
Mdi:ArrangeIcons
wm geometry . 900x765+-733+60
Mdi:ArrangeIcons
wm geometry . 900x765+-764+59
Mdi:ArrangeIcons
wm geometry . 900x765+-785+58
Mdi:ArrangeIcons
wm geometry . 900x765+-817+57
Mdi:ArrangeIcons
wm geometry . 900x765+-828+57
Mdi:ArrangeIcons
wm geometry . 900x765+-864+54
Mdi:ArrangeIcons
wm geometry . 900x765+-874+54
Mdi:ArrangeIcons
wm geometry . 900x765+-904+54
Mdi:ArrangeIcons
wm geometry . 900x765+-913+53
Mdi:ArrangeIcons
wm geometry . 900x765+-934+53
Mdi:ArrangeIcons
wm geometry . 900x765+-944+53
Mdi:ArrangeIcons
wm geometry . 900x765+-964+52
Mdi:ArrangeIcons
wm geometry . 900x765+-973+52
Mdi:ArrangeIcons
wm geometry . 900x765+-992+52
Mdi:ArrangeIcons
wm geometry . 900x765+-1001+51
Mdi:ArrangeIcons
wm geometry . 900x765+-1010+51
Mdi:ArrangeIcons
wm geometry . 900x765+-1028+51
Mdi:ArrangeIcons
wm geometry . 900x765+-1037+51
Mdi:ArrangeIcons
wm geometry . 900x765+-1055+50
Mdi:ArrangeIcons
wm geometry . 900x765+-1063+50
Mdi:ArrangeIcons
wm geometry . 900x765+-1087+50
Mdi:ArrangeIcons
wm geometry . 900x765+-1103+50
Mdi:ArrangeIcons
wm geometry . 900x765+-1111+50
Mdi:ArrangeIcons
wm geometry . 900x765+-1123+50
Mdi:ArrangeIcons
wm geometry . 900x765+-1130+49
Mdi:ArrangeIcons
wm geometry . 900x765+-1143+49
Mdi:ArrangeIcons
wm geometry . 900x765+-1150+49
Mdi:ArrangeIcons
wm geometry . 900x765+-1157+49
Mdi:ArrangeIcons
wm geometry . 900x765+-1169+49
Mdi:ArrangeIcons
wm geometry . 900x765+-1177+49
Mdi:ArrangeIcons
wm geometry . 900x765+-1182+49
Mdi:ArrangeIcons
wm geometry . 900x765+-1186+49
Mdi:ArrangeIcons
wm geometry . 900x765+-1196+49
Mdi:ArrangeIcons
wm geometry . 900x765+-1206+48
Mdi:ArrangeIcons
wm geometry . 900x765+-1210+48
Mdi:ArrangeIcons
wm geometry . 900x765+-1218+48
Mdi:ArrangeIcons
wm geometry . 900x765+-1221+48
Mdi:ArrangeIcons
wm geometry . 900x765+-1224+48
Mdi:ArrangeIcons
wm geometry . 900x765+-1231+48
Mdi:ArrangeIcons
wm geometry . 900x765+-1234+48
Mdi:ArrangeIcons
wm geometry . 900x765+-1240+48
Mdi:ArrangeIcons
wm geometry . 900x765+-1243+48
Mdi:ArrangeIcons
wm geometry . 900x765+-1248+48
Mdi:ArrangeIcons
wm geometry . 900x765+-1251+48
Mdi:ArrangeIcons
wm geometry . 900x765+-1254+48
Mdi:ArrangeIcons
wm geometry . 900x765+-1259+47
Mdi:ArrangeIcons
wm geometry . 900x765+-1261+46
Mdi:ArrangeIcons
wm geometry . 900x765+-1264+46
Mdi:ArrangeIcons
wm geometry . 900x765+-1267+45
Mdi:ArrangeIcons
wm geometry . 900x765+-1268+45
Mdi:ArrangeIcons
wm geometry . 900x765+-1271+45
Mdi:ArrangeIcons
wm geometry . 900x765+-1273+45
Mdi:ArrangeIcons
wm geometry . 900x765+-1274+45
Mdi:ArrangeIcons
wm geometry . 900x765+-1276+44
Mdi:ArrangeIcons
wm geometry . 900x765+-1278+44
Mdi:ArrangeIcons
wm geometry . 900x765+-1280+43
Mdi:ArrangeIcons
wm geometry . 900x765+-1281+43
Mdi:ArrangeIcons
wm geometry . 900x765+-1282+43
Mdi:ArrangeIcons
wm geometry . 900x765+-1283+43
Mdi:ArrangeIcons
wm geometry . 900x765+-1284+43
Mdi:ArrangeIcons
wm geometry . 900x765+-1285+42
Mdi:ArrangeIcons
wm geometry . 900x765+-1286+42
Mdi:ArrangeIcons
wm geometry . 900x765+-1287+42
Mdi:ArrangeIcons
wm geometry . 900x765+-1287+41
Mdi:ArrangeIcons
wm geometry . 900x765+-1286+41
Mdi:ArrangeIcons
wm geometry . 900x765+-1285+41
Mdi:ArrangeIcons
wm geometry . 900x765+-1284+41
Mdi:ArrangeIcons
wm geometry . 900x765+-1283+41
Mdi:ArrangeIcons
wm geometry . 900x765+-1282+41
Mdi:ArrangeIcons
wm geometry . 900x765+-1282+42
Mdi:ArrangeIcons
wm geometry . 900x765+-1281+42
Mdi:ArrangeIcons
wm geometry . 900x765+-1280+42
Mdi:ArrangeIcons
wm geometry . 900x765+-1279+42
Mdi:ArrangeIcons
wm geometry . 900x765+-1279+43
Mdi:ArrangeIcons
wm geometry . 900x765+-1278+43
Mdi:ArrangeIcons
wm geometry . 900x765+-1278+44
Mdi:ArrangeIcons
wm geometry . 900x765+-1277+44
Mdi:ArrangeIcons
wm geometry . 900x765+-1276+44
Mdi:ArrangeIcons
wm geometry . 900x765+-1276+45
Mdi:ArrangeIcons
wm geometry . 900x765+-1275+45
Mdi:ArrangeIcons
wm geometry . 900x765+-1274+45
Mdi:ArrangeIcons
wm geometry . 900x765+-1274+46
Mdi:ArrangeIcons
wm geometry . 900x765+-1273+46
Mdi:ArrangeIcons
wm geometry . 900x765+-1272+47
Mdi:ArrangeIcons
wm geometry . 900x765+-1272+48
Mdi:ArrangeIcons
wm geometry . 900x765+-1271+48
Mdi:ArrangeIcons
wm geometry . 900x765+-1270+48
Mdi:ArrangeIcons
wm geometry . 900x765+-1270+49
Mdi:ArrangeIcons
wm geometry . 900x765+-1269+49
Mdi:ArrangeIcons
wm geometry . 900x765+-1267+50
Mdi:ArrangeIcons
wm geometry . 900x765+-1267+51
Mdi:ArrangeIcons
wm geometry . 900x765+-1266+51
Mdi:ArrangeIcons
wm geometry . 900x765+-1265+52
Mdi:ArrangeIcons
wm geometry . 900x765+-1264+52
Mdi:ArrangeIcons
wm geometry . 900x765+-1263+52
Mdi:ArrangeIcons
wm geometry . 900x765+-1263+53
Mdi:ArrangeIcons
wm geometry . 900x765+-1260+54
Mdi:ArrangeIcons
wm geometry . 900x765+-1259+54
Mdi:ArrangeIcons
wm geometry . 900x765+-1258+55
Mdi:ArrangeIcons
wm geometry . 900x765+-1257+55
Mdi:ArrangeIcons
wm geometry . 900x765+-1255+57
Mdi:ArrangeIcons
wm geometry . 900x765+-1253+58
Mdi:ArrangeIcons
wm geometry . 900x765+-1252+58
Mdi:ArrangeIcons
wm geometry . 900x765+-1251+59
Mdi:ArrangeIcons
wm geometry . 900x765+-1249+59
Mdi:ArrangeIcons
wm geometry . 900x765+-1249+60
Mdi:ArrangeIcons
wm geometry . 900x765+-1247+61
Mdi:ArrangeIcons
wm geometry . 900x765+-1246+61
Mdi:ArrangeIcons
wm geometry . 900x765+-1245+62
Mdi:ArrangeIcons
wm geometry . 900x765+-1242+64
Mdi:ArrangeIcons
wm geometry . 900x765+-1241+64
Mdi:ArrangeIcons
wm geometry . 900x765+-1239+65
Mdi:ArrangeIcons
wm geometry . 900x765+-1238+66
Mdi:ArrangeIcons
wm geometry . 900x765+-1237+67
Mdi:ArrangeIcons
wm geometry . 900x765+-1235+67
Mdi:ArrangeIcons
wm geometry . 900x765+-1232+69
Mdi:ArrangeIcons
wm geometry . 900x765+-1231+69
Mdi:ArrangeIcons
wm geometry . 900x765+-1230+70
Mdi:ArrangeIcons
wm geometry . 900x765+-1228+71
Mdi:ArrangeIcons
wm geometry . 900x765+-1226+72
Mdi:ArrangeIcons
wm geometry . 900x765+-1225+72
Mdi:ArrangeIcons
wm geometry . 900x765+-1223+73
Mdi:ArrangeIcons
wm geometry . 900x765+-1222+74
Mdi:ArrangeIcons
wm geometry . 900x765+-1221+74
Mdi:ArrangeIcons
wm geometry . 900x765+-1220+75
Mdi:ArrangeIcons
wm geometry . 900x765+-1218+76
Mdi:ArrangeIcons
wm geometry . 900x765+-1217+77
Mdi:ArrangeIcons
wm geometry . 900x765+-1215+77
Mdi:ArrangeIcons
wm geometry . 900x765+-1214+78
Mdi:ArrangeIcons
wm geometry . 900x765+-1213+78
Mdi:ArrangeIcons
wm geometry . 900x765+-1212+78
Mdi:ArrangeIcons
wm geometry . 900x765+-1211+79
Mdi:ArrangeIcons
wm geometry . 900x765+-1210+80
Mdi:ArrangeIcons
wm geometry . 900x765+-1209+80
Mdi:ArrangeIcons
wm geometry . 900x765+-1209+81
Mdi:ArrangeIcons
wm geometry . 900x765+-1210+81
Mdi:ArrangeIcons
wm geometry . 900x765+-1211+81
Mdi:ArrangeIcons
wm geometry . 900x765+-1212+81
Mdi:ArrangeIcons
wm geometry . 900x765+-1212+82
Mdi:ArrangeIcons
wm geometry . 900x765+-1213+82
Mdi:ArrangeIcons
wm geometry . 900x765+-1214+82
Mdi:ArrangeIcons
wm geometry . 900x765+-1215+82
Mdi:ArrangeIcons
wm geometry . 900x765+-1216+82
Mdi:ArrangeIcons
wm geometry . 900x765+-1217+82
Mdi:ArrangeIcons
wm geometry . 900x765+-1218+82
Mdi:ArrangeIcons
wm geometry . 900x765+-1219+82
Mdi:ArrangeIcons
wm geometry . 900x765+-1220+82
Mdi:ArrangeIcons
wm geometry . 900x765+-1221+82
Mdi:ArrangeIcons
wm geometry . 900x765+-1223+82
Mdi:ArrangeIcons
wm geometry . 900x765+-1224+82
Mdi:ArrangeIcons
wm geometry . 900x765+-1225+82
Mdi:ArrangeIcons
wm geometry . 900x765+-1226+82
Mdi:ArrangeIcons
wm geometry . 900x765+-1227+83
Mdi:ArrangeIcons
wm geometry . 900x765+-1228+83
Mdi:ArrangeIcons
wm geometry . 900x765+-1229+83
Mdi:ArrangeIcons
wm geometry . 900x765+-1230+83
Mdi:ArrangeIcons
wm geometry . 900x765+-1231+83
Mdi:ArrangeIcons
wm geometry . 900x765+-1233+84
Mdi:ArrangeIcons
wm geometry . 900x765+-1234+84
Mdi:ArrangeIcons
wm geometry . 900x765+-1235+84
Mdi:ArrangeIcons
wm geometry . 900x765+-1236+84
Mdi:ArrangeIcons
wm geometry . 900x765+-1237+84
Mdi:ArrangeIcons
wm geometry . 900x765+-1238+84
Mdi:ArrangeIcons
wm geometry . 900x765+-1238+85
Mdi:ArrangeIcons
wm geometry . 900x765+-1240+85
Mdi:ArrangeIcons
wm geometry . 900x765+-1241+85
Mdi:ArrangeIcons
wm geometry . 900x765+-1242+85
Mdi:ArrangeIcons
wm geometry . 900x765+-1243+85
Mdi:ArrangeIcons
wm geometry . 900x765+-1244+86
Mdi:ArrangeIcons
wm geometry . 900x765+-1245+87
Mdi:ArrangeIcons
wm geometry . 900x765+-1247+87
Mdi:ArrangeIcons
wm geometry . 900x765+-1249+87
Mdi:ArrangeIcons
wm geometry . 900x765+-1250+87
Mdi:ArrangeIcons
wm geometry . 900x765+-1250+88
Mdi:ArrangeIcons
wm geometry . 900x765+-1252+88
Mdi:ArrangeIcons
wm geometry . 900x765+-1253+88
Mdi:ArrangeIcons
wm geometry . 900x765+-1254+88
Mdi:ArrangeIcons
wm geometry . 900x765+-1255+89
Mdi:ArrangeIcons
wm geometry . 900x765+-1256+89
Mdi:ArrangeIcons
wm geometry . 900x765+-1257+90
Mdi:ArrangeIcons
wm geometry . 900x765+-1258+90
Mdi:ArrangeIcons
wm geometry . 900x765+-1259+90
Mdi:ArrangeIcons
wm geometry . 900x765+-1260+90
Mdi:ArrangeIcons
wm geometry . 900x765+-1260+91
Mdi:ArrangeIcons
wm geometry . 900x765+-1261+91
Mdi:ArrangeIcons
wm geometry . 900x765+-1262+91
Mdi:ArrangeIcons
wm geometry . 900x765+-1263+91
Mdi:ArrangeIcons
wm geometry . 900x765+-1264+92
Mdi:ArrangeIcons
wm geometry . 900x765+-1265+92
Mdi:ArrangeIcons
wm geometry . 900x765+-1266+92
Mdi:Resize 800 600
Mdi:Move 5 5
Mdi:ArrangeIcons
Mdi:ArrangeIcons
ScopeSigMgr:loadpffile D:/Project/Hsipce/HW2/hspice.tr0 1 openonly
# PF:1
wm geometry .sigmgr._PF:1 200x331+955+540
wm geometry .sigmgr._PF:1 200x331+954+539
wm geometry .sigmgr._PF:1 200x331+952+539
wm geometry .sigmgr._PF:1 200x331+951+539
wm geometry .sigmgr._PF:1 200x331+949+539
wm geometry .sigmgr._PF:1 200x331+947+539
wm geometry .sigmgr._PF:1 200x331+946+539
wm geometry .sigmgr._PF:1 200x331+944+538
wm geometry .sigmgr._PF:1 200x331+942+538
wm geometry .sigmgr._PF:1 200x331+937+538
wm geometry .sigmgr._PF:1 200x331+935+538
wm geometry .sigmgr._PF:1 200x331+933+538
wm geometry .sigmgr._PF:1 200x331+930+538
wm geometry .sigmgr._PF:1 200x331+928+537
wm geometry .sigmgr._PF:1 200x331+924+537
wm geometry .sigmgr._PF:1 200x331+921+537
wm geometry .sigmgr._PF:1 200x331+910+536
wm geometry .sigmgr._PF:1 200x331+905+536
wm geometry .sigmgr._PF:1 200x331+897+535
wm geometry .sigmgr._PF:1 200x331+893+535
wm geometry .sigmgr._PF:1 200x331+887+534
wm geometry .sigmgr._PF:1 200x331+882+534
wm geometry .sigmgr._PF:1 200x331+875+533
wm geometry .sigmgr._PF:1 200x331+865+532
wm geometry .sigmgr._PF:1 200x331+860+532
wm geometry .sigmgr._PF:1 200x331+853+531
wm geometry .sigmgr._PF:1 200x331+846+531
wm geometry .sigmgr._PF:1 200x331+833+530
wm geometry .sigmgr._PF:1 200x331+826+529
wm geometry .sigmgr._PF:1 200x331+818+528
wm geometry .sigmgr._PF:1 200x331+810+528
wm geometry .sigmgr._PF:1 200x331+793+527
wm geometry .sigmgr._PF:1 200x331+785+527
wm geometry .sigmgr._PF:1 200x331+777+527
wm geometry .sigmgr._PF:1 200x331+758+526
wm geometry .sigmgr._PF:1 200x331+750+525
wm geometry .sigmgr._PF:1 200x331+741+525
wm geometry .sigmgr._PF:1 200x331+732+525
wm geometry .sigmgr._PF:1 200x331+712+524
wm geometry .sigmgr._PF:1 200x331+702+524
wm geometry .sigmgr._PF:1 200x331+692+524
wm geometry .sigmgr._PF:1 200x331+680+523
wm geometry .sigmgr._PF:1 200x331+669+523
wm geometry .sigmgr._PF:1 200x331+658+522
wm geometry .sigmgr._PF:1 200x331+646+522
wm geometry .sigmgr._PF:1 200x331+636+521
wm geometry .sigmgr._PF:1 200x331+613+521
wm geometry .sigmgr._PF:1 200x331+590+520
wm geometry .sigmgr._PF:1 200x331+567+520
wm geometry .sigmgr._PF:1 200x331+555+520
wm geometry .sigmgr._PF:1 200x331+543+520
wm geometry .sigmgr._PF:1 200x331+529+519
wm geometry .sigmgr._PF:1 200x331+504+519
wm geometry .sigmgr._PF:1 200x331+491+518
wm geometry .sigmgr._PF:1 200x331+480+518
wm geometry .sigmgr._PF:1 200x331+468+518
wm geometry .sigmgr._PF:1 200x331+455+518
wm geometry .sigmgr._PF:1 200x331+442+518
wm geometry .sigmgr._PF:1 200x331+430+518
wm geometry .sigmgr._PF:1 200x331+404+518
wm geometry .sigmgr._PF:1 200x331+390+517
wm geometry .sigmgr._PF:1 200x331+378+517
wm geometry .sigmgr._PF:1 200x331+368+517
wm geometry .sigmgr._PF:1 200x331+350+517
wm geometry .sigmgr._PF:1 200x331+336+516
wm geometry .sigmgr._PF:1 200x331+311+516
wm geometry .sigmgr._PF:1 200x331+300+516
wm geometry .sigmgr._PF:1 200x331+288+516
wm geometry .sigmgr._PF:1 200x331+275+516
wm geometry .sigmgr._PF:1 200x331+249+514
wm geometry .sigmgr._PF:1 200x331+237+514
wm geometry .sigmgr._PF:1 200x331+213+514
wm geometry .sigmgr._PF:1 200x331+202+514
wm geometry .sigmgr._PF:1 200x331+190+514
wm geometry .sigmgr._PF:1 200x331+178+514
wm geometry .sigmgr._PF:1 200x331+168+514
wm geometry .sigmgr._PF:1 200x331+156+514
wm geometry .sigmgr._PF:1 200x331+135+514
wm geometry .sigmgr._PF:1 200x331+123+514
wm geometry .sigmgr._PF:1 200x331+113+514
wm geometry .sigmgr._PF:1 200x331+103+514
wm geometry .sigmgr._PF:1 200x331+83+514
wm geometry .sigmgr._PF:1 200x331+73+514
wm geometry .sigmgr._PF:1 200x331+64+514
wm geometry .sigmgr._PF:1 200x331+55+514
wm geometry .sigmgr._PF:1 200x331+44+514
wm geometry .sigmgr._PF:1 200x331+25+514
wm geometry .sigmgr._PF:1 200x331+17+514
wm geometry .sigmgr._PF:1 200x331+-8+514
wm geometry .sigmgr._PF:1 200x331+-23+514
wm geometry .sigmgr._PF:1 200x331+-29+514
wm geometry .sigmgr._PF:1 200x331+-44+514
wm geometry .sigmgr._PF:1 200x331+-51+514
wm geometry .sigmgr._PF:1 200x331+-64+514
wm geometry .sigmgr._PF:1 200x331+-78+514
wm geometry .sigmgr._PF:1 200x331+-83+514
wm geometry .sigmgr._PF:1 200x331+-95+514
wm geometry .sigmgr._PF:1 200x331+-102+514
wm geometry .sigmgr._PF:1 200x331+-115+513
wm geometry .sigmgr._PF:1 200x331+-121+513
wm geometry .sigmgr._PF:1 200x331+-131+511
wm geometry .sigmgr._PF:1 200x331+-135+511
wm geometry .sigmgr._PF:1 200x331+-146+510
wm geometry .sigmgr._PF:1 200x331+-152+510
wm geometry .sigmgr._PF:1 200x331+-162+509
wm geometry .sigmgr._PF:1 200x331+-167+508
wm geometry .sigmgr._PF:1 200x331+-171+508
wm geometry .sigmgr._PF:1 200x331+-180+507
wm geometry .sigmgr._PF:1 200x331+-184+506
wm geometry .sigmgr._PF:1 200x331+-188+506
wm geometry .sigmgr._PF:1 200x331+-196+504
wm geometry .sigmgr._PF:1 200x331+-200+504
wm geometry .sigmgr._PF:1 200x331+-206+504
wm geometry .sigmgr._PF:1 200x331+-209+503
wm geometry .sigmgr._PF:1 200x331+-212+503
wm geometry .sigmgr._PF:1 200x331+-218+502
wm geometry .sigmgr._PF:1 200x331+-221+502
wm geometry .sigmgr._PF:1 200x331+-224+501
wm geometry .sigmgr._PF:1 200x331+-230+501
wm geometry .sigmgr._PF:1 200x331+-233+501
wm geometry .sigmgr._PF:1 200x331+-236+501
wm geometry .sigmgr._PF:1 200x331+-242+500
wm geometry .sigmgr._PF:1 200x331+-245+500
wm geometry .sigmgr._PF:1 200x331+-247+499
wm geometry .sigmgr._PF:1 200x331+-253+499
wm geometry .sigmgr._PF:1 200x331+-256+498
wm geometry .sigmgr._PF:1 200x331+-259+498
wm geometry .sigmgr._PF:1 200x331+-262+498
wm geometry .sigmgr._PF:1 200x331+-267+497
wm geometry .sigmgr._PF:1 200x331+-269+497
wm geometry .sigmgr._PF:1 200x331+-274+497
wm geometry .sigmgr._PF:1 200x331+-276+497
wm geometry .sigmgr._PF:1 200x331+-278+496
wm geometry .sigmgr._PF:1 200x331+-282+496
wm geometry .sigmgr._PF:1 200x331+-284+495
wm geometry .sigmgr._PF:1 200x331+-286+495
wm geometry .sigmgr._PF:1 200x331+-287+495
wm geometry .sigmgr._PF:1 200x331+-291+495
wm geometry .sigmgr._PF:1 200x331+-293+494
wm geometry .sigmgr._PF:1 200x331+-294+494
wm geometry .sigmgr._PF:1 200x331+-298+493
wm geometry .sigmgr._PF:1 200x331+-299+493
wm geometry .sigmgr._PF:1 200x331+-301+493
wm geometry .sigmgr._PF:1 200x331+-303+493
wm geometry .sigmgr._PF:1 200x331+-306+492
wm geometry .sigmgr._PF:1 200x331+-307+492
wm geometry .sigmgr._PF:1 200x331+-309+491
wm geometry .sigmgr._PF:1 200x331+-312+490
wm geometry .sigmgr._PF:1 200x331+-314+490
wm geometry .sigmgr._PF:1 200x331+-316+490
wm geometry .sigmgr._PF:1 200x331+-317+490
wm geometry .sigmgr._PF:1 200x331+-320+489
wm geometry .sigmgr._PF:1 200x331+-321+489
wm geometry .sigmgr._PF:1 200x331+-322+488
wm geometry .sigmgr._PF:1 200x331+-325+488
wm geometry .sigmgr._PF:1 200x331+-326+488
wm geometry .sigmgr._PF:1 200x331+-327+488
wm geometry .sigmgr._PF:1 200x331+-328+488
wm geometry .sigmgr._PF:1 200x331+-330+487
wm geometry .sigmgr._PF:1 200x331+-331+487
wm geometry .sigmgr._PF:1 200x331+-332+487
wm geometry .sigmgr._PF:1 200x331+-333+487
wm geometry .sigmgr._PF:1 200x331+-334+487
wm geometry .sigmgr._PF:1 200x331+-335+487
wm geometry .sigmgr._PF:1 200x331+-335+486
wm geometry .sigmgr._PF:1 200x331+-336+486
wm geometry .sigmgr._PF:1 200x331+-336+485
wm geometry .sigmgr._PF:1 200x331+-335+485
wm geometry .sigmgr._PF:1 200x331+-335+484
wm geometry .sigmgr._PF:1 200x331+-334+484
wm geometry .sigmgr._PF:1 200x331+-334+483
wm geometry .sigmgr._PF:1 200x331+-333+483
wm geometry .sigmgr._PF:1 200x331+-332+482
wm geometry .sigmgr._PF:1 200x331+-331+482
wm geometry .sigmgr._PF:1 200x331+-331+481
wm geometry .sigmgr._PF:1 200x331+-330+481
wm geometry .sigmgr._PF:1 200x331+-330+480
wm geometry .sigmgr._PF:1 200x331+-329+480
wm geometry .sigmgr._PF:1 200x331+-328+479
wm geometry .sigmgr._PF:1 200x331+-327+479
wm geometry .sigmgr._PF:1 200x331+-326+478
wm geometry .sigmgr._PF:1 200x331+-325+478
wm geometry .sigmgr._PF:1 200x331+-325+477
wm geometry .sigmgr._PF:1 200x331+-325+476
wm geometry .sigmgr._PF:1 200x331+-324+476
wm geometry .sigmgr._PF:1 200x331+-323+476
wm geometry .sigmgr._PF:1 200x331+-322+475
wm geometry .sigmgr._PF:1 200x331+-322+474
wm geometry .sigmgr._PF:1 200x331+-321+474
wm geometry .sigmgr._PF:1 200x331+-320+474
wm geometry .sigmgr._PF:1 200x331+-320+473
wm geometry .sigmgr._PF:1 200x331+-319+472
wm geometry .sigmgr._PF:1 200x331+-318+472
wm geometry .sigmgr._PF:1 200x331+-318+471
wm geometry .sigmgr._PF:1 200x331+-317+471
wm geometry .sigmgr._PF:1 200x331+-317+470
wm geometry .sigmgr._PF:1 200x331+-316+470
wm geometry .sigmgr._PF:1 200x331+-315+470
wm geometry .sigmgr._PF:1 200x331+-315+469
wm geometry .sigmgr._PF:1 200x331+-314+468
wm geometry .sigmgr._PF:1 200x331+-313+468
wm geometry .sigmgr._PF:1 200x331+-313+467
wm geometry .sigmgr._PF:1 200x331+-312+466
wm geometry .sigmgr._PF:1 200x331+-311+466
wm geometry .sigmgr._PF:1 200x331+-311+465
wm geometry .sigmgr._PF:1 200x331+-310+464
wm geometry .sigmgr._PF:1 200x331+-309+463
wm geometry .sigmgr._PF:1 200x331+-308+462
wm geometry .sigmgr._PF:1 200x331+-308+461
wm geometry .sigmgr._PF:1 200x331+-307+461
wm geometry .sigmgr._PF:1 200x331+-306+460
wm geometry .sigmgr._PF:1 200x331+-306+459
wm geometry .sigmgr._PF:1 200x331+-305+459
wm geometry .sigmgr._PF:1 200x331+-305+458
wm geometry .sigmgr._PF:1 200x331+-304+457
wm geometry .sigmgr._PF:1 200x331+-304+456
wm geometry .sigmgr._PF:1 200x331+-303+456
wm geometry .sigmgr._PF:1 200x331+-303+455
wm geometry .sigmgr._PF:1 200x331+-302+455
wm geometry .sigmgr._PF:1 200x331+-302+454
wm geometry .sigmgr 367x200+-6+191
wm geometry .sigmgr 367x200+-7+190
wm geometry .sigmgr 367x200+-8+190
wm geometry .sigmgr 367x200+-10+189
wm geometry .sigmgr 367x200+-11+188
wm geometry .sigmgr 367x200+-12+188
wm geometry .sigmgr 367x200+-14+188
wm geometry .sigmgr 367x200+-15+187
wm geometry .sigmgr 367x200+-17+187
wm geometry .sigmgr 367x200+-18+186
wm geometry .sigmgr 367x200+-19+186
wm geometry .sigmgr 367x200+-22+186
wm geometry .sigmgr 367x200+-26+185
wm geometry .sigmgr 367x200+-30+184
wm geometry .sigmgr 367x200+-35+183
wm geometry .sigmgr 367x200+-38+183
wm geometry .sigmgr 367x200+-40+182
wm geometry .sigmgr 367x200+-46+181
wm geometry .sigmgr 367x200+-48+181
wm geometry .sigmgr 367x200+-51+181
wm geometry .sigmgr 367x200+-54+180
wm geometry .sigmgr 367x200+-57+180
wm geometry .sigmgr 367x200+-64+178
wm geometry .sigmgr 367x200+-67+177
wm geometry .sigmgr 367x200+-71+177
wm geometry .sigmgr 367x200+-79+176
wm geometry .sigmgr 367x200+-82+176
wm geometry .sigmgr 367x200+-86+175
wm geometry .sigmgr 367x200+-90+175
wm geometry .sigmgr 367x200+-95+174
wm geometry .sigmgr 367x200+-105+172
wm geometry .sigmgr 367x200+-109+171
wm geometry .sigmgr 367x200+-115+171
wm geometry .sigmgr 367x200+-120+170
wm geometry .sigmgr 367x200+-126+170
wm geometry .sigmgr 367x200+-129+170
wm geometry .sigmgr 367x200+-134+169
wm geometry .sigmgr 367x200+-146+168
wm geometry .sigmgr 367x200+-152+168
wm geometry .sigmgr 367x200+-157+168
wm geometry .sigmgr 367x200+-163+167
wm geometry .sigmgr 367x200+-174+166
wm geometry .sigmgr 367x200+-186+165
wm geometry .sigmgr 367x200+-197+164
wm geometry .sigmgr 367x200+-204+164
wm geometry .sigmgr 367x200+-216+163
wm geometry .sigmgr 367x200+-222+162
wm geometry .sigmgr 367x200+-228+162
wm geometry .sigmgr 367x200+-234+162
wm geometry .sigmgr 367x200+-246+161
wm geometry .sigmgr 367x200+-253+160
wm geometry .sigmgr 367x200+-259+160
wm geometry .sigmgr 367x200+-265+160
wm geometry .sigmgr 367x200+-272+159
wm geometry .sigmgr 367x200+-279+159
wm geometry .sigmgr 367x200+-284+158
wm geometry .sigmgr 367x200+-297+157
wm geometry .sigmgr 367x200+-302+157
wm geometry .sigmgr 367x200+-308+156
wm geometry .sigmgr 367x200+-315+156
wm geometry .sigmgr 367x200+-324+155
wm geometry .sigmgr 367x200+-329+155
wm geometry .sigmgr 367x200+-336+155
wm geometry .sigmgr 367x200+-343+154
wm geometry .sigmgr 367x200+-347+154
wm geometry .sigmgr 367x200+-359+153
wm geometry .sigmgr 367x200+-366+153
wm geometry .sigmgr 367x200+-372+152
wm geometry .sigmgr 367x200+-379+152
wm geometry .sigmgr 367x200+-385+151
wm geometry .sigmgr 367x200+-391+151
wm geometry .sigmgr 367x200+-396+151
wm geometry .sigmgr 367x200+-411+150
wm geometry .sigmgr 367x200+-417+149
wm geometry .sigmgr 367x200+-423+149
wm geometry .sigmgr 367x200+-429+149
wm geometry .sigmgr 367x200+-435+149
wm geometry .sigmgr 367x200+-440+149
wm geometry .sigmgr 367x200+-447+148
wm geometry .sigmgr 367x200+-452+148
wm geometry .sigmgr 367x200+-465+147
wm geometry .sigmgr 367x200+-470+147
wm geometry .sigmgr 367x200+-477+146
wm geometry .sigmgr 367x200+-482+146
wm geometry .sigmgr 367x200+-488+145
wm geometry .sigmgr 367x200+-495+144
wm geometry .sigmgr 367x200+-500+144
wm geometry .sigmgr 367x200+-511+142
wm geometry .sigmgr 367x200+-517+142
wm geometry .sigmgr 367x200+-522+141
wm geometry .sigmgr 367x200+-528+140
wm geometry .sigmgr 367x200+-535+138
wm geometry .sigmgr 367x200+-538+138
wm geometry .sigmgr 367x200+-551+136
wm geometry .sigmgr 367x200+-555+136
wm geometry .sigmgr 367x200+-561+135
wm geometry .sigmgr 367x200+-566+134
wm geometry .sigmgr 367x200+-578+132
wm geometry .sigmgr 367x200+-582+132
wm geometry .sigmgr 367x200+-588+131
wm geometry .sigmgr 367x200+-593+130
wm geometry .sigmgr 367x200+-597+129
wm geometry .sigmgr 367x200+-602+129
wm geometry .sigmgr 367x200+-607+127
wm geometry .sigmgr 367x200+-611+127
wm geometry .sigmgr 367x200+-615+126
wm geometry .sigmgr 367x200+-623+124
wm geometry .sigmgr 367x200+-626+124
wm geometry .sigmgr 367x200+-630+124
wm geometry .sigmgr 367x200+-635+123
wm geometry .sigmgr 367x200+-638+122
wm geometry .sigmgr 367x200+-640+121
wm geometry .sigmgr 367x200+-647+120
wm geometry .sigmgr 367x200+-649+120
wm geometry .sigmgr 367x200+-652+120
wm geometry .sigmgr 367x200+-660+118
wm geometry .sigmgr 367x200+-666+117
wm geometry .sigmgr 367x200+-670+116
wm geometry .sigmgr 367x200+-673+115
wm geometry .sigmgr 367x200+-678+114
wm geometry .sigmgr 367x200+-681+113
wm geometry .sigmgr 367x200+-683+113
wm geometry .sigmgr 367x200+-687+112
wm geometry .sigmgr 367x200+-688+111
wm geometry .sigmgr 367x200+-692+111
wm geometry .sigmgr 367x200+-694+110
wm geometry .sigmgr 367x200+-696+109
wm geometry .sigmgr 367x200+-698+109
wm geometry .sigmgr 367x200+-700+108
wm geometry .sigmgr 367x200+-701+108
wm geometry .sigmgr 367x200+-703+107
wm geometry .sigmgr 367x200+-704+107
wm geometry .sigmgr 367x200+-707+106
wm geometry .sigmgr 367x200+-708+106
wm geometry .sigmgr 367x200+-709+105
wm geometry .sigmgr 367x200+-710+105
wm geometry .sigmgr 367x200+-712+105
wm geometry .sigmgr 367x200+-713+105
wm geometry .sigmgr 367x200+-715+104
wm geometry .sigmgr 367x200+-716+104
wm geometry .sigmgr 367x200+-717+104
wm geometry .sigmgr 367x200+-718+104
wm geometry .sigmgr 367x200+-719+103
wm geometry .sigmgr 367x200+-720+103
wm geometry .sigmgr 367x200+-721+103
wm geometry .sigmgr 367x200+-721+102
wm geometry .sigmgr 367x200+-720+102
wm geometry .sigmgr 367x200+-719+102
wm geometry .sigmgr 367x200+-718+102
wm geometry .sigmgr 367x200+-717+102
wm geometry .sigmgr 367x200+-716+102
wm geometry .sigmgr 367x200+-715+103
wm geometry .sigmgr 367x200+-714+103
wm geometry .sigmgr 367x200+-712+103
wm geometry .sigmgr 367x200+-711+103
wm geometry .sigmgr 367x200+-709+103
wm geometry .sigmgr 367x200+-708+104
wm geometry .sigmgr 367x200+-705+104
wm geometry .sigmgr 367x200+-704+104
wm geometry .sigmgr 367x200+-703+105
wm geometry .sigmgr 367x200+-699+105
wm geometry .sigmgr 367x200+-698+105
wm geometry .sigmgr 367x200+-697+105
wm geometry .sigmgr 367x200+-695+105
wm geometry .sigmgr 367x200+-694+105
wm geometry .sigmgr 367x200+-691+106
wm geometry .sigmgr 367x200+-688+107
wm geometry .sigmgr 367x200+-687+107
wm geometry .sigmgr 367x200+-685+107
wm geometry .sigmgr 367x200+-684+108
wm geometry .sigmgr 367x200+-680+108
wm geometry .sigmgr 367x200+-678+109
wm geometry .sigmgr 367x200+-676+109
wm geometry .sigmgr 367x200+-675+109
wm geometry .sigmgr 367x200+-672+110
wm geometry .sigmgr 367x200+-671+110
wm geometry .sigmgr 367x200+-669+111
wm geometry .sigmgr 367x200+-664+112
wm geometry .sigmgr 367x200+-662+112
wm geometry .sigmgr 367x200+-660+113
wm geometry .sigmgr 367x200+-658+113
wm geometry .sigmgr 367x200+-656+113
wm geometry .sigmgr 367x200+-654+114
wm geometry .sigmgr 367x200+-649+115
wm geometry .sigmgr 367x200+-646+116
wm geometry .sigmgr 367x200+-644+116
wm geometry .sigmgr 367x200+-641+117
wm geometry .sigmgr 367x200+-636+119
wm geometry .sigmgr 367x200+-634+119
wm geometry .sigmgr 367x200+-631+119
wm geometry .sigmgr 367x200+-628+120
wm geometry .sigmgr 367x200+-625+121
wm geometry .sigmgr 367x200+-623+122
wm geometry .sigmgr 367x200+-617+123
wm geometry .sigmgr 367x200+-615+123
wm geometry .sigmgr 367x200+-612+124
wm geometry .sigmgr 367x200+-605+125
wm geometry .sigmgr 367x200+-603+126
wm geometry .sigmgr 367x200+-597+128
wm geometry .sigmgr 367x200+-594+128
wm geometry .sigmgr 367x200+-592+129
wm geometry .sigmgr 367x200+-589+129
wm geometry .sigmgr 367x200+-586+130
wm geometry .sigmgr 367x200+-583+131
wm geometry .sigmgr 367x200+-580+131
wm geometry .sigmgr 367x200+-577+132
wm geometry .sigmgr 367x200+-573+134
wm geometry .sigmgr 367x200+-571+134
wm geometry .sigmgr 367x200+-568+134
wm geometry .sigmgr 367x200+-565+135
wm geometry .sigmgr 367x200+-561+137
wm geometry .sigmgr 367x200+-558+137
wm geometry .sigmgr 367x200+-557+137
wm geometry .sigmgr 367x200+-554+138
wm geometry .sigmgr 367x200+-552+138
wm geometry .sigmgr 367x200+-551+139
wm geometry .sigmgr 367x200+-550+139
wm geometry .sigmgr 367x200+-547+139
wm geometry .sigmgr 367x200+-546+139
wm geometry .sigmgr 367x200+-544+140
wm geometry .sigmgr 367x200+-542+141
wm geometry .sigmgr 367x200+-540+141
wm geometry .sigmgr 367x200+-539+141
wm geometry .sigmgr 367x200+-538+141
wm geometry .sigmgr 367x200+-537+141
wm geometry .sigmgr 367x200+-536+141
wm geometry .sigmgr 367x200+-536+142
wm geometry .sigmgr 367x200+-535+142
wm geometry .sigmgr 367x200+-534+142
wm geometry .sigmgr 367x200+-533+142
wm geometry .sigmgr 367x200+-532+142
wm geometry .sigmgr 367x200+-532+141
wm geometry .sigmgr 367x200+-531+141
wm geometry .sigmgr 367x200+-531+140
wm geometry .sigmgr 367x200+-530+140
wm geometry .sigmgr 367x200+-529+140
wm geometry .sigmgr 367x200+-528+140
wm geometry .sigmgr 367x200+-528+139
wm geometry .sigmgr 367x200+-527+139
wm geometry .sigmgr 367x200+-527+138
wm geometry .sigmgr 367x200+-526+138
wm geometry .sigmgr 367x200+-525+138
wm geometry .sigmgr 367x200+-525+137
wm geometry .sigmgr 367x200+-524+137
wm geometry .sigmgr 367x200+-523+136
wm geometry .sigmgr 367x200+-522+136
wm geometry .sigmgr 367x200+-521+136
wm geometry .sigmgr 367x200+-521+135
wm geometry .sigmgr 367x200+-520+135
wm geometry .sigmgr 367x200+-519+134
wm geometry .sigmgr 367x200+-518+134
wm geometry .sigmgr 367x200+-517+134
wm geometry .sigmgr 367x200+-516+134
wm geometry .sigmgr 367x200+-516+133
wm geometry .sigmgr 367x200+-515+133
wm geometry .sigmgr 367x200+-514+133
wm geometry .sigmgr 367x200+-513+133
wm geometry .sigmgr 367x200+-513+132
wm geometry .sigmgr 367x200+-512+132
wm geometry .sigmgr 367x200+-511+132
wm geometry .sigmgr 367x200+-510+131
wm geometry .sigmgr 367x200+-509+131
wm geometry .sigmgr 367x200+-509+130
wm geometry .sigmgr 367x200+-508+130
wm geometry .sigmgr 367x200+-507+130
wm geometry .sigmgr 367x200+-506+130
wm geometry .sigmgr 367x200+-505+130
wm geometry .sigmgr 367x200+-505+129
wm geometry .sigmgr 367x200+-504+129
wm geometry .sigmgr 367x200+-503+129
wm geometry .sigmgr 367x200+-502+129
wm geometry .sigmgr 367x200+-501+129
wm geometry .sigmgr 367x200+-501+128
wm geometry .sigmgr 367x200+-500+128
wm geometry .sigmgr 367x200+-499+128
wm geometry .sigmgr 367x200+-497+128
wm geometry .sigmgr 367x200+-496+127
wm geometry .sigmgr 367x200+-494+127
wm geometry .sigmgr 367x200+-494+126
wm geometry .sigmgr 367x200+-493+126
wm geometry .sigmgr 367x200+-492+126
wm geometry .sigmgr 367x200+-491+126
wm geometry .sigmgr 367x200+-490+126
wm geometry .sigmgr 367x200+-488+125
wm geometry .sigmgr 367x200+-487+125
wm geometry .sigmgr 367x200+-485+125
wm geometry .sigmgr 367x200+-484+125
wm geometry .sigmgr 367x200+-483+125
wm geometry .sigmgr 367x200+-482+125
wm geometry .sigmgr 367x200+-481+125
wm geometry .sigmgr 367x200+-480+124
wm geometry .sigmgr 367x200+-477+124
wm geometry .sigmgr 367x200+-476+123
wm geometry .sigmgr 367x200+-474+123
wm geometry .sigmgr 367x200+-473+123
wm geometry .sigmgr 367x200+-471+123
wm geometry .sigmgr 367x200+-469+123
wm geometry .sigmgr 367x200+-468+123
wm geometry .sigmgr 367x200+-467+122
wm geometry .sigmgr 367x200+-464+122
wm geometry .sigmgr 367x200+-463+122
wm geometry .sigmgr 367x200+-462+122
wm geometry .sigmgr 367x200+-461+121
wm geometry .sigmgr 367x200+-460+121
wm geometry .sigmgr 367x200+-459+121
wm geometry .sigmgr 367x200+-457+121
wm geometry .sigmgr 367x200+-455+121
wm geometry .sigmgr 367x200+-454+121
wm geometry .sigmgr 367x200+-453+121
wm geometry .sigmgr 367x200+-452+121
wm geometry .sigmgr 367x200+-451+120
wm geometry .sigmgr 367x200+-449+120
wm geometry .sigmgr 367x200+-447+120
wm geometry .sigmgr 367x200+-445+119
wm geometry .sigmgr 367x200+-444+119
wm geometry .sigmgr 367x200+-443+119
wm geometry .sigmgr 367x200+-442+119
wm geometry .sigmgr 367x200+-441+119
wm geometry .sigmgr 367x200+-440+119
wm geometry .sigmgr 367x200+-440+118
wm geometry .sigmgr 367x200+-439+118
wm geometry .sigmgr 367x200+-438+118
wm geometry .sigmgr 367x200+-437+118
wm geometry .sigmgr 367x200+-436+118
pf:read PF:1 v(vinn)
# WF:1:1
Graph addsignal WF:1:1 -region new -yview real(y) -xview real(x) -tracehi 2
# Signal0
pf:read PF:1 v(vinp)
# WF:1:2
Graph addsignal WF:1:2 -region new -yview real(y) -xview real(x) -tracehi 2
# Signal1
pf:read PF:1 v(vout)
# WF:1:3
Graph addsignal WF:1:3 -region new -yview real(y) -xview real(x) -tracehi 2
# Signal2
Mdi:ArrangeIcons
Graph axisconfig {AxisX(0) AxisY(0,0) AxisY(1,0) AxisY(2,0)} -range {all all all all} -zoomed {0 0 0 0}
Mdi:ArrangeIcons
Mdi:ArrangeIcons
Mdi:ArrangeIcons
Graph addsignal WF:2:1 -region 0 -yview real(y) -xview real(x) -rainbow 0 -rbcolors {} -fill green -linestyle - -width 1 -symbol {} -symwidth 10 -bar {} -barwidth 0 -baseline 0.0 -stipple {} -label v(vinn) -xaxis 0 -yaxis 0 -tracehi 2 -bus {} -segdisp y -monotonicdisp 0
# Signal3
Graph addsignal WF:2:2 -region 1 -yview real(y) -xview real(x) -rainbow 0 -rbcolors {} -fill magenta -linestyle - -width 1 -symbol {} -symwidth 10 -bar {} -barwidth 0 -baseline 0.0 -stipple {} -label v(vinp) -xaxis 0 -yaxis 0 -tracehi 2 -bus {} -segdisp y -monotonicdisp 0
# Signal4
Graph addsignal WF:2:3 -region 2 -yview real(y) -xview real(x) -rainbow 0 -rbcolors {} -fill cyan -linestyle - -width 1 -symbol {} -symwidth 10 -bar {} -barwidth 0 -baseline 0.0 -stipple {} -label v(vout) -xaxis 0 -yaxis 0 -tracehi 2 -bus {} -segdisp y -monotonicdisp 0
# Signal5
Graph itemselect all rem
Graph itemselect Signal0 add
# Signal0
Graph itemselect Signal1 add
# Signal1
Graph itemselect Signal2 add
# Signal2
Graph delsignal selected
Mdi:ArrangeIcons
Mdi:ArrangeIcons
Mdi:ArrangeIcons
pf:read PF:2 {x1;v(e)}
# WF:2:4
Graph addsignal WF:2:4 -region new -yview real(y) -xview real(x) -tracehi 2
# Signal6
pf:read PF:2 {x1;v(f)}
# WF:2:5
Graph addsignal WF:2:5 -region new -yview real(y) -xview real(x) -tracehi 2
# Signal7
Mdi:ArrangeIcons
pf:read PF:2 {x1;v(a)}
# WF:2:6
Graph addsignal WF:2:6 -region new -yview real(y) -xview real(x) -tracehi 2
# Signal8
pf:read PF:2 {x1;v(b)}
# WF:2:7
Graph addsignal WF:2:7 -region new -yview real(y) -xview real(x) -tracehi 2
# Signal9
pf:read PF:2 {x1;v(c)}
# WF:2:8
Graph addsignal WF:2:8 -region new -yview real(y) -xview real(x) -tracehi 2
# Signal10
pf:read PF:2 {x1;v(c)}
# WF:2:8
Graph addsignal WF:2:8 -region new -yview real(y) -xview real(x) -tracehi 2
# Signal11
pf:read PF:2 {x1;v(d)}
# WF:2:9
Graph addsignal WF:2:9 -region new -yview real(y) -xview real(x) -tracehi 2
# Signal12
pf:read PF:2 {x1;v(e)}
# WF:2:4
Graph addsignal WF:2:4 -region new -yview real(y) -xview real(x) -tracehi 2
# Signal13
pf:read PF:2 {x1;v(f)}
# WF:2:5
Graph addsignal WF:2:5 -region new -yview real(y) -xview real(x) -tracehi 2
# Signal14
pf:read PF:2 {x1;x1;v(n2)}
# WF:2:10
Graph addsignal WF:2:10 -region new -yview real(y) -xview real(x) -tracehi 2
# Signal15
Graph:DSel
Graph itemselect AxisX(0) add
# AxisX(0)
Graph:Select Graph0
Graph delsignal selected
Graph itemselect AxisX(0) add
Graph delsignal selected
Graph:DSel
Mdi:ArrangeIcons
Graph:Select Graph0
Graph:DSel
Graph itemselect Signal15 add
# Signal15
Graph delsignal selected
Graph:DSel
Graph itemselect Signal14 add
# Signal14
Graph delsignal selected
Graph:DSel
Graph itemselect Signal13 add
# Signal13
Graph delsignal selected
Graph:DSel
Graph itemselect Signal12 add
# Signal12
Graph delsignal selected
Graph:DSel
Graph itemselect Signal11 add
# Signal11
Graph delsignal selected
Graph:DSel
Graph itemselect Signal10 add
# Signal10
Graph delsignal selected
Mdi:ArrangeIcons
Graph delsignal selected
Graph:DSel
Graph itemselect Signal9 add
# Signal9
Mdi:ArrangeIcons
Graph delsignal selected
Graph:DSel
Graph itemselect Signal8 add
# Signal8
Graph delsignal selected
Graph:DSel
Graph itemselect Signal7 add
# Signal7
Graph delsignal selected
Graph:DSel
Graph itemselect Signal6 add
# Signal6
Graph delsignal selected
Mdi:ArrangeIcons
Mdi:ArrangeIcons
Mdi:ArrangeIcons
Graph:DSel
Graph addsignal WF:3:1 -region 0 -yview real(y) -xview real(x) -rainbow 0 -rbcolors {} -fill green -linestyle - -width 1 -symbol {} -symwidth 10 -bar {} -barwidth 0 -baseline 0.0 -stipple {} -label v(vinn) -xaxis 0 -yaxis 0 -tracehi 2 -bus {} -segdisp y -monotonicdisp 0
# Signal16
Graph addsignal WF:3:2 -region 1 -yview real(y) -xview real(x) -rainbow 0 -rbcolors {} -fill magenta -linestyle - -width 1 -symbol {} -symwidth 10 -bar {} -barwidth 0 -baseline 0.0 -stipple {} -label v(vinp) -xaxis 0 -yaxis 0 -tracehi 2 -bus {} -segdisp y -monotonicdisp 0
# Signal17
Graph addsignal WF:3:3 -region 2 -yview real(y) -xview real(x) -rainbow 0 -rbcolors {} -fill cyan -linestyle - -width 1 -symbol {} -symwidth 10 -bar {} -barwidth 0 -baseline 0.0 -stipple {} -label v(vout) -xaxis 0 -yaxis 0 -tracehi 2 -bus {} -segdisp y -monotonicdisp 0
# Signal18
Graph itemselect all rem
Graph itemselect Signal3 add
# Signal3
Graph itemselect Signal4 add
# Signal4
Graph itemselect Signal5 add
# Signal5
Graph delsignal selected
Mdi:ArrangeIcons
Mdi:ArrangeIcons
Mdi:ArrangeIcons
Mdi:ArrangeIcons
Graph addsignal WF:4:1 -region 0 -yview real(y) -xview real(x) -rainbow 0 -rbcolors {} -fill green -linestyle - -width 1 -symbol {} -symwidth 10 -bar {} -barwidth 0 -baseline 0.0 -stipple {} -label v(vinn) -xaxis 0 -yaxis 0 -tracehi 2 -bus {} -segdisp y -monotonicdisp 0
# Signal19
Graph addsignal WF:4:2 -region 1 -yview real(y) -xview real(x) -rainbow 0 -rbcolors {} -fill magenta -linestyle - -width 1 -symbol {} -symwidth 10 -bar {} -barwidth 0 -baseline 0.0 -stipple {} -label v(vinp) -xaxis 0 -yaxis 0 -tracehi 2 -bus {} -segdisp y -monotonicdisp 0
# Signal20
Graph addsignal WF:4:3 -region 2 -yview real(y) -xview real(x) -rainbow 0 -rbcolors {} -fill cyan -linestyle - -width 1 -symbol {} -symwidth 10 -bar {} -barwidth 0 -baseline 0.0 -stipple {} -label v(vout) -xaxis 0 -yaxis 0 -tracehi 2 -bus {} -segdisp y -monotonicdisp 0
# Signal21
Graph itemselect all rem
Graph itemselect Signal16 add
# Signal16
Graph itemselect Signal17 add
# Signal17
Graph itemselect Signal18 add
# Signal18
Graph delsignal selected
Mdi:ArrangeIcons
Mdi:ArrangeIcons
Mdi:ArrangeIcons
Mdi:ArrangeIcons
Mdi:ArrangeIcons
Mdi:ArrangeIcons
Mdi:ArrangeIcons
Mdi:ArrangeIcons
Mdi:ArrangeIcons
Graph addsignal WF:5:1 -region 0 -yview real(y) -xview real(x) -rainbow 0 -rbcolors {} -fill green -linestyle - -width 1 -symbol {} -symwidth 10 -bar {} -barwidth 0 -baseline 0.0 -stipple {} -label v(vinn) -xaxis 0 -yaxis 0 -tracehi 2 -bus {} -segdisp y -monotonicdisp 0
# Signal22
Graph addsignal WF:5:2 -region 1 -yview real(y) -xview real(x) -rainbow 0 -rbcolors {} -fill magenta -linestyle - -width 1 -symbol {} -symwidth 10 -bar {} -barwidth 0 -baseline 0.0 -stipple {} -label v(vinp) -xaxis 0 -yaxis 0 -tracehi 2 -bus {} -segdisp y -monotonicdisp 0
# Signal23
Graph addsignal WF:5:3 -region 2 -yview real(y) -xview real(x) -rainbow 0 -rbcolors {} -fill cyan -linestyle - -width 1 -symbol {} -symwidth 10 -bar {} -barwidth 0 -baseline 0.0 -stipple {} -label v(vout) -xaxis 0 -yaxis 0 -tracehi 2 -bus {} -segdisp y -monotonicdisp 0
# Signal24
Graph itemselect all rem
Graph itemselect Signal19 add
# Signal19
Graph itemselect Signal20 add
# Signal20
Graph itemselect Signal21 add
# Signal21
Graph delsignal selected
Mdi:ArrangeIcons
Mdi:ArrangeIcons
Mdi:ArrangeIcons
Mdi:ArrangeIcons
Graph addsignal WF:6:1 -region 0 -yview real(y) -xview real(x) -rainbow 0 -rbcolors {} -fill green -linestyle - -width 1 -symbol {} -symwidth 10 -bar {} -barwidth 0 -baseline 0.0 -stipple {} -label v(vinn) -xaxis 0 -yaxis 0 -tracehi 2 -bus {} -segdisp y -monotonicdisp 0
# Signal25
Graph addsignal WF:6:2 -region 1 -yview real(y) -xview real(x) -rainbow 0 -rbcolors {} -fill magenta -linestyle - -width 1 -symbol {} -symwidth 10 -bar {} -barwidth 0 -baseline 0.0 -stipple {} -label v(vinp) -xaxis 0 -yaxis 0 -tracehi 2 -bus {} -segdisp y -monotonicdisp 0
# Signal26
Graph addsignal WF:6:3 -region 2 -yview real(y) -xview real(x) -rainbow 0 -rbcolors {} -fill cyan -linestyle - -width 1 -symbol {} -symwidth 10 -bar {} -barwidth 0 -baseline 0.0 -stipple {} -label v(vout) -xaxis 0 -yaxis 0 -tracehi 2 -bus {} -segdisp y -monotonicdisp 0
# Signal27
Graph itemselect all rem
Graph itemselect Signal22 add
# Signal22
Graph itemselect Signal23 add
# Signal23
Graph itemselect Signal24 add
# Signal24
Graph delsignal selected
Mdi:ArrangeIcons
Mdi:ArrangeIcons
Mdi:ArrangeIcons
Graph addsignal WF:7:1 -region 0 -yview real(y) -xview real(x) -rainbow 0 -rbcolors {} -fill green -linestyle - -width 1 -symbol {} -symwidth 10 -bar {} -barwidth 0 -baseline 0.0 -stipple {} -label v(vinn) -xaxis 0 -yaxis 0 -tracehi 2 -bus {} -segdisp y -monotonicdisp 0
# Signal28
Graph addsignal WF:7:2 -region 1 -yview real(y) -xview real(x) -rainbow 0 -rbcolors {} -fill magenta -linestyle - -width 1 -symbol {} -symwidth 10 -bar {} -barwidth 0 -baseline 0.0 -stipple {} -label v(vinp) -xaxis 0 -yaxis 0 -tracehi 2 -bus {} -segdisp y -monotonicdisp 0
# Signal29
Graph addsignal WF:7:3 -region 2 -yview real(y) -xview real(x) -rainbow 0 -rbcolors {} -fill cyan -linestyle - -width 1 -symbol {} -symwidth 10 -bar {} -barwidth 0 -baseline 0.0 -stipple {} -label v(vout) -xaxis 0 -yaxis 0 -tracehi 2 -bus {} -segdisp y -monotonicdisp 0
# Signal30
Graph itemselect all rem
Graph itemselect Signal25 add
# Signal25
Graph itemselect Signal26 add
# Signal26
Graph itemselect Signal27 add
# Signal27
Graph delsignal selected
Mdi:ArrangeIcons
Mdi:ArrangeIcons
Mdi:ArrangeIcons
Mdi:ArrangeIcons
Mdi:ArrangeIcons
Graph addsignal WF:8:1 -region 0 -yview real(y) -xview real(x) -rainbow 0 -rbcolors {} -fill green -linestyle - -width 1 -symbol {} -symwidth 10 -bar {} -barwidth 0 -baseline 0.0 -stipple {} -label v(vinn) -xaxis 0 -yaxis 0 -tracehi 2 -bus {} -segdisp y -monotonicdisp 0
# Signal31
Graph addsignal WF:8:2 -region 1 -yview real(y) -xview real(x) -rainbow 0 -rbcolors {} -fill magenta -linestyle - -width 1 -symbol {} -symwidth 10 -bar {} -barwidth 0 -baseline 0.0 -stipple {} -label v(vinp) -xaxis 0 -yaxis 0 -tracehi 2 -bus {} -segdisp y -monotonicdisp 0
# Signal32
Graph addsignal WF:8:3 -region 2 -yview real(y) -xview real(x) -rainbow 0 -rbcolors {} -fill cyan -linestyle - -width 1 -symbol {} -symwidth 10 -bar {} -barwidth 0 -baseline 0.0 -stipple {} -label v(vout) -xaxis 0 -yaxis 0 -tracehi 2 -bus {} -segdisp y -monotonicdisp 0
# Signal33
Graph itemselect all rem
Graph itemselect Signal28 add
# Signal28
Graph itemselect Signal29 add
# Signal29
Graph itemselect Signal30 add
# Signal30
Graph delsignal selected
Mdi:ArrangeIcons
Mdi:ArrangeIcons
Mdi:ArrangeIcons
Graph addsignal WF:9:1 -region 0 -yview real(y) -xview real(x) -rainbow 0 -rbcolors {} -fill green -linestyle - -width 1 -symbol {} -symwidth 10 -bar {} -barwidth 0 -baseline 0.0 -stipple {} -label v(vinn) -xaxis 0 -yaxis 0 -tracehi 2 -bus {} -segdisp y -monotonicdisp 0
# Signal34
Graph addsignal WF:9:2 -region 1 -yview real(y) -xview real(x) -rainbow 0 -rbcolors {} -fill magenta -linestyle - -width 1 -symbol {} -symwidth 10 -bar {} -barwidth 0 -baseline 0.0 -stipple {} -label v(vinp) -xaxis 0 -yaxis 0 -tracehi 2 -bus {} -segdisp y -monotonicdisp 0
# Signal35
Graph addsignal WF:9:3 -region 2 -yview real(y) -xview real(x) -rainbow 0 -rbcolors {} -fill cyan -linestyle - -width 1 -symbol {} -symwidth 10 -bar {} -barwidth 0 -baseline 0.0 -stipple {} -label v(vout) -xaxis 0 -yaxis 0 -tracehi 2 -bus {} -segdisp y -monotonicdisp 0
# Signal36
Graph itemselect all rem
Graph itemselect Signal31 add
# Signal31
Graph itemselect Signal32 add
# Signal32
Graph itemselect Signal33 add
# Signal33
Graph delsignal selected
Mdi:ArrangeIcons
Mdi:ArrangeIcons
Mdi:ArrangeIcons
Graph addsignal WF:10:1 -region 0 -yview real(y) -xview real(x) -rainbow 0 -rbcolors {} -fill green -linestyle - -width 1 -symbol {} -symwidth 10 -bar {} -barwidth 0 -baseline 0.0 -stipple {} -label v(vinn) -xaxis 0 -yaxis 0 -tracehi 2 -bus {} -segdisp y -monotonicdisp 0
# Signal37
Graph addsignal WF:10:2 -region 1 -yview real(y) -xview real(x) -rainbow 0 -rbcolors {} -fill magenta -linestyle - -width 1 -symbol {} -symwidth 10 -bar {} -barwidth 0 -baseline 0.0 -stipple {} -label v(vinp) -xaxis 0 -yaxis 0 -tracehi 2 -bus {} -segdisp y -monotonicdisp 0
# Signal38
Graph addsignal WF:10:3 -region 2 -yview real(y) -xview real(x) -rainbow 0 -rbcolors {} -fill cyan -linestyle - -width 1 -symbol {} -symwidth 10 -bar {} -barwidth 0 -baseline 0.0 -stipple {} -label v(vout) -xaxis 0 -yaxis 0 -tracehi 2 -bus {} -segdisp y -monotonicdisp 0
# Signal39
Graph itemselect all rem
Graph itemselect Signal34 add
# Signal34
Graph itemselect Signal35 add
# Signal35
Graph itemselect Signal36 add
# Signal36
Graph delsignal selected
Mdi:ArrangeIcons
Graph axisconfig {AxisX(0) AxisY(0,0) AxisY(1,0) AxisY(2,0)} -range {all all all all} -zoomed {0 0 0 0}
Mdi:ArrangeIcons
Graph:Select Graph0
Graph axisconfig AxisX(0) -range {50.269u 35.664u}
Graph axisconfig AxisX(0) -range {46.43221u 42.88768u}
Graph axisconfig {AxisX(0) AxisY(0,0) AxisY(1,0) AxisY(2,0)} -range {all all all all} -zoomed {0 0 0 0}
Mdi:ArrangeIcons
Mdi:ArrangeIcons
Mdi:ArrangeIcons
Mdi:ArrangeIcons
Graph:DSel
Graph addsignal WF:11:1 -region 0 -yview real(y) -xview real(x) -rainbow 0 -rbcolors {} -fill green -linestyle - -width 1 -symbol {} -symwidth 10 -bar {} -barwidth 0 -baseline 0.0 -stipple {} -label v(vinn) -xaxis 0 -yaxis 0 -tracehi 2 -bus {} -segdisp y -monotonicdisp 0
# Signal40
Graph addsignal WF:11:2 -region 1 -yview real(y) -xview real(x) -rainbow 0 -rbcolors {} -fill magenta -linestyle - -width 1 -symbol {} -symwidth 10 -bar {} -barwidth 0 -baseline 0.0 -stipple {} -label v(vinp) -xaxis 0 -yaxis 0 -tracehi 2 -bus {} -segdisp y -monotonicdisp 0
# Signal41
Graph addsignal WF:11:3 -region 2 -yview real(y) -xview real(x) -rainbow 0 -rbcolors {} -fill cyan -linestyle - -width 1 -symbol {} -symwidth 10 -bar {} -barwidth 0 -baseline 0.0 -stipple {} -label v(vout) -xaxis 0 -yaxis 0 -tracehi 2 -bus {} -segdisp y -monotonicdisp 0
# Signal42
Graph itemselect all rem
Graph itemselect Signal37 add
# Signal37
Graph itemselect Signal38 add
# Signal38
Graph itemselect Signal39 add
# Signal39
Graph delsignal selected
Mdi:ArrangeIcons
Graph:Select Graph0
Graph axisconfig AxisX(0) -range {41.558u 37.848u}
Graph:DSel
Graph itemselect Signal42 add
# Signal42
Graph sigconfig Signal42 -region 1 -rgnindex 1
Graph:DSel
Graph itemselect Signal40 add
# Signal40
Graph sigconfig {Signal40 Signal42} -region {1 1} -rgnindex {1 2}
Graph:DSel
Mdi:ArrangeIcons
Mdi:ArrangeIcons
Mdi:ArrangeIcons
Graph:DSel
Mdi:ArrangeIcons
Graph addsignal WF:12:1 -region 0 -yview real(y) -xview real(x) -rainbow 0 -rbcolors {} -fill green -linestyle - -width 1 -symbol {} -symwidth 10 -bar {} -barwidth 0 -baseline 0.0 -stipple {} -label v(vinn) -xaxis 0 -yaxis 0 -tracehi 2 -bus {} -segdisp y -monotonicdisp 0
# Signal43
Graph addsignal WF:12:2 -region 0 -yview real(y) -xview real(x) -rainbow 0 -rbcolors {} -fill magenta -linestyle - -width 1 -symbol {} -symwidth 10 -bar {} -barwidth 0 -baseline 0.0 -stipple {} -label v(vinp) -xaxis 0 -yaxis 0 -tracehi 2 -bus {} -segdisp y -monotonicdisp 0
# Signal44
Graph addsignal WF:12:3 -region 0 -yview real(y) -xview real(x) -rainbow 0 -rbcolors {} -fill cyan -linestyle - -width 1 -symbol {} -symwidth 10 -bar {} -barwidth 0 -baseline 0.0 -stipple {} -label v(vout) -xaxis 0 -yaxis 0 -tracehi 2 -bus {} -segdisp y -monotonicdisp 0
# Signal45
Graph itemselect all rem
Graph itemselect Signal40 add
# Signal40
Graph itemselect Signal41 add
# Signal41
Graph itemselect Signal42 add
# Signal42
Graph delsignal selected
Mdi:ArrangeIcons
Mdi:ArrangeIcons
Mdi:ArrangeIcons
Mdi:ArrangeIcons
Mdi:ArrangeIcons
Graph addsignal WF:13:1 -region 0 -yview real(y) -xview real(x) -rainbow 0 -rbcolors {} -fill green -linestyle - -width 1 -symbol {} -symwidth 10 -bar {} -barwidth 0 -baseline 0.0 -stipple {} -label v(vinn) -xaxis 0 -yaxis 0 -tracehi 2 -bus {} -segdisp y -monotonicdisp 0
# Signal46
Graph addsignal WF:13:2 -region 0 -yview real(y) -xview real(x) -rainbow 0 -rbcolors {} -fill magenta -linestyle - -width 1 -symbol {} -symwidth 10 -bar {} -barwidth 0 -baseline 0.0 -stipple {} -label v(vinp) -xaxis 0 -yaxis 0 -tracehi 2 -bus {} -segdisp y -monotonicdisp 0
# Signal47
Graph addsignal WF:13:3 -region 0 -yview real(y) -xview real(x) -rainbow 0 -rbcolors {} -fill cyan -linestyle - -width 1 -symbol {} -symwidth 10 -bar {} -barwidth 0 -baseline 0.0 -stipple {} -label v(vout) -xaxis 0 -yaxis 0 -tracehi 2 -bus {} -segdisp y -monotonicdisp 0
# Signal48
Graph itemselect all rem
Graph itemselect Signal43 add
# Signal43
Graph itemselect Signal44 add
# Signal44
Graph itemselect Signal45 add
# Signal45
Graph delsignal selected
Mdi:ArrangeIcons
Mdi:ArrangeIcons
Mdi:ArrangeIcons
Mdi:ArrangeIcons
Graph addsignal WF:14:1 -region 0 -yview real(y) -xview real(x) -rainbow 0 -rbcolors {} -fill green -linestyle - -width 1 -symbol {} -symwidth 10 -bar {} -barwidth 0 -baseline 0.0 -stipple {} -label v(vinn) -xaxis 0 -yaxis 0 -tracehi 2 -bus {} -segdisp y -monotonicdisp 0
# Signal49
Graph addsignal WF:14:2 -region 0 -yview real(y) -xview real(x) -rainbow 0 -rbcolors {} -fill magenta -linestyle - -width 1 -symbol {} -symwidth 10 -bar {} -barwidth 0 -baseline 0.0 -stipple {} -label v(vinp) -xaxis 0 -yaxis 0 -tracehi 2 -bus {} -segdisp y -monotonicdisp 0
# Signal50
Graph addsignal WF:14:3 -region 0 -yview real(y) -xview real(x) -rainbow 0 -rbcolors {} -fill cyan -linestyle - -width 1 -symbol {} -symwidth 10 -bar {} -barwidth 0 -baseline 0.0 -stipple {} -label v(vout) -xaxis 0 -yaxis 0 -tracehi 2 -bus {} -segdisp y -monotonicdisp 0
# Signal51
Graph itemselect all rem
Graph itemselect Signal46 add
# Signal46
Graph itemselect Signal47 add
# Signal47
Graph itemselect Signal48 add
# Signal48
Graph delsignal selected
Mdi:ArrangeIcons
Mdi:ArrangeIcons
Graph axisconfig {AxisX(0) AxisY(0,0)} -range {all all} -zoomed {0 0}
Graph:Select Graph0
Graph axisconfig AxisX(0) -range {10.022u -180.35n}
Graph axisconfig AxisX(0) -range {4.45551u 5.38302u}
Graph axisconfig {AxisX(0) AxisY(0,0)} -range {{3.9u 5.9u } {-1.75 3.25 }}
Mdi:ArrangeIcons
Mdi:ArrangeIcons
Mdi:ArrangeIcons
Graph:DSel
Graph addsignal WF:15:1 -region 0 -yview real(y) -xview real(x) -rainbow 0 -rbcolors {} -fill green -linestyle - -width 1 -symbol {} -symwidth 10 -bar {} -barwidth 0 -baseline 0.0 -stipple {} -label v(vinn) -xaxis 0 -yaxis 0 -tracehi 2 -bus {} -segdisp y -monotonicdisp 0
# Signal52
Graph addsignal WF:15:2 -region 0 -yview real(y) -xview real(x) -rainbow 0 -rbcolors {} -fill magenta -linestyle - -width 1 -symbol {} -symwidth 10 -bar {} -barwidth 0 -baseline 0.0 -stipple {} -label v(vinp) -xaxis 0 -yaxis 0 -tracehi 2 -bus {} -segdisp y -monotonicdisp 0
# Signal53
Graph addsignal WF:15:3 -region 0 -yview real(y) -xview real(x) -rainbow 0 -rbcolors {} -fill cyan -linestyle - -width 1 -symbol {} -symwidth 10 -bar {} -barwidth 0 -baseline 0.0 -stipple {} -label v(vout) -xaxis 0 -yaxis 0 -tracehi 2 -bus {} -segdisp y -monotonicdisp 0
# Signal54
Graph itemselect all rem
Graph itemselect Signal49 add
# Signal49
Graph itemselect Signal50 add
# Signal50
Graph itemselect Signal51 add
# Signal51
Graph delsignal selected
Mdi:ArrangeIcons
Graph:Select Graph0
Graph axisconfig AxisY(0,0) -range {2.0738229479727 -0.3172933873217}
Graph axisconfig AxisX(0) -range {3.5225438u 6.3166851u}
Mdi:ArrangeIcons
Mdi:ArrangeIcons
Mdi:ArrangeIcons
wm geometry .sigmgr 367x200+-431+117
wm geometry .sigmgr 367x200+-431+116
wm geometry .sigmgr 367x200+-430+116
wm geometry .sigmgr 367x200+-429+116
wm geometry .sigmgr 367x200+-428+115
wm geometry .sigmgr 367x200+-427+115
wm geometry .sigmgr 367x200+-426+115
wm geometry .sigmgr 367x200+-425+115
wm geometry .sigmgr 367x200+-425+114
wm geometry .sigmgr 367x200+-424+114
wm geometry .sigmgr 367x200+-423+114
wm geometry .sigmgr 367x200+-422+114
wm geometry .sigmgr 367x200+-421+114
wm geometry .sigmgr 367x200+-421+113
wm geometry .sigmgr 367x200+-420+113
wm geometry .sigmgr 367x200+-419+113
wm geometry .sigmgr 367x200+-418+113
wm geometry .sigmgr 367x200+-417+113
wm geometry .sigmgr 367x200+-416+113
wm geometry .sigmgr 367x200+-415+113
wm geometry .sigmgr 367x200+-414+113
wm geometry .sigmgr 367x200+-414+112
wm geometry .sigmgr 367x200+-413+112
wm geometry .sigmgr 367x200+-412+112
wm geometry .sigmgr 367x200+-411+112
wm geometry .sigmgr 367x200+-410+112
wm geometry .sigmgr 367x200+-409+112
wm geometry .sigmgr 367x200+-408+112
wm geometry .sigmgr 367x200+-407+112
wm geometry .sigmgr 367x200+-406+112
wm geometry .sigmgr 367x200+-405+112
wm geometry .sigmgr 367x200+-404+112
wm geometry .sigmgr 367x200+-403+112
wm geometry .sigmgr 367x200+-402+112
wm geometry .sigmgr 367x200+-401+112
wm geometry .sigmgr 367x200+-400+112
wm geometry .sigmgr 367x200+-399+112
wm geometry .sigmgr 367x200+-398+112
Mdi:ArrangeIcons
wm geometry . 900x765+-1271+95
Mdi:ArrangeIcons
wm geometry . 900x765+-1272+95
Mdi:ArrangeIcons
wm geometry . 900x765+-1273+95
Mdi:ArrangeIcons
wm geometry . 900x765+-1274+95
Mdi:ArrangeIcons
wm geometry . 900x765+-1274+96
Mdi:ArrangeIcons
wm geometry . 900x765+-1275+96
Mdi:ArrangeIcons
wm geometry . 900x765+-1276+96
Mdi:ArrangeIcons
wm geometry . 900x765+-1277+96
Mdi:ArrangeIcons
wm geometry . 900x765+-1278+96
Mdi:ArrangeIcons
wm geometry . 900x765+-1278+97
Mdi:ArrangeIcons
wm geometry . 900x765+-1279+97
Mdi:ArrangeIcons
wm geometry . 900x765+-1280+97
Mdi:ArrangeIcons
wm geometry . 900x765+-1281+97
Mdi:ArrangeIcons
wm geometry . 900x765+-1282+97
Mdi:ArrangeIcons
wm geometry . 900x765+-1283+97
Mdi:ArrangeIcons
wm geometry . 900x765+-1284+97
Mdi:ArrangeIcons
wm geometry . 900x765+-1285+97
Mdi:ArrangeIcons
wm geometry . 900x765+-1286+97
Mdi:ArrangeIcons
wm geometry . 900x765+-1287+97
Mdi:ArrangeIcons
wm geometry . 900x765+-1288+97
Mdi:ArrangeIcons
wm geometry . 900x765+-1289+97
Mdi:ArrangeIcons
wm geometry . 900x765+-1290+97
Mdi:ArrangeIcons
wm geometry . 900x765+-1291+97
Mdi:ArrangeIcons
wm geometry . 900x765+-1292+97
Mdi:ArrangeIcons
wm geometry . 900x765+-1293+97
Mdi:ArrangeIcons
wm geometry . 900x765+-1294+97
Mdi:ArrangeIcons
wm geometry . 900x765+-1295+97
Mdi:ArrangeIcons
wm geometry . 900x765+-1296+97
Mdi:ArrangeIcons
wm geometry . 900x765+-1297+97
Mdi:ArrangeIcons
wm geometry . 900x765+-1298+97
Mdi:ArrangeIcons
wm geometry . 900x765+-1299+97
Mdi:ArrangeIcons
wm geometry . 900x765+-1300+97
Mdi:ArrangeIcons
wm geometry . 900x765+-1301+97
Mdi:ArrangeIcons
wm geometry . 900x765+-1302+97
Mdi:ArrangeIcons
wm geometry . 900x765+-1303+97
Mdi:ArrangeIcons
wm geometry . 900x765+-1304+97
Mdi:ArrangeIcons
wm geometry . 900x765+-1305+97
Mdi:ArrangeIcons
wm geometry . 900x765+-1306+97
Mdi:ArrangeIcons
wm geometry . 900x765+-1307+97
Mdi:ArrangeIcons
wm geometry . 900x765+-1308+97
Mdi:ArrangeIcons
wm geometry . 900x765+-1309+97
Mdi:ArrangeIcons
wm geometry . 900x765+-1310+97
Mdi:ArrangeIcons
wm geometry . 900x765+-1311+97
Mdi:ArrangeIcons
wm geometry . 900x765+-1312+97
Mdi:ArrangeIcons
wm geometry . 900x765+-1313+97
Mdi:ArrangeIcons
wm geometry . 900x765+-1314+97
Mdi:ArrangeIcons
wm geometry . 900x765+-1315+97
Mdi:ArrangeIcons
wm geometry . 900x765+-1316+97
Mdi:ArrangeIcons
wm geometry . 900x765+-1317+97
Mdi:ArrangeIcons
wm geometry . 900x765+-1318+97
Mdi:ArrangeIcons
wm geometry . 900x765+-1319+97
Mdi:ArrangeIcons
wm geometry . 900x765+-1320+97
Mdi:ArrangeIcons
wm geometry . 900x765+-1321+97
Mdi:ArrangeIcons
wm geometry . 900x765+-1322+97
Mdi:ArrangeIcons
wm geometry . 900x765+-1323+97
Mdi:ArrangeIcons
Mdi:ArrangeIcons
wm geometry . 900x765+-1313+97
Mdi:ArrangeIcons
wm geometry . 900x765+-1311+97
Mdi:ArrangeIcons
wm geometry . 900x765+-1308+97
Mdi:ArrangeIcons
wm geometry . 900x765+-1307+97
Mdi:ArrangeIcons
wm geometry . 900x765+-1303+97
Mdi:ArrangeIcons
wm geometry . 900x765+-1301+97
Mdi:ArrangeIcons
wm geometry . 900x765+-1297+97
Mdi:ArrangeIcons
wm geometry . 900x765+-1292+97
Mdi:ArrangeIcons
wm geometry . 900x765+-1283+97
Mdi:ArrangeIcons
wm geometry . 900x765+-1281+97
Mdi:ArrangeIcons
wm geometry . 900x765+-1274+97
Mdi:ArrangeIcons
wm geometry . 900x765+-1272+97
Mdi:ArrangeIcons
wm geometry . 900x765+-1267+97
Mdi:ArrangeIcons
wm geometry . 900x765+-1265+97
Mdi:ArrangeIcons
wm geometry . 900x765+-1260+97
Mdi:ArrangeIcons
wm geometry . 900x765+-1258+97
Mdi:ArrangeIcons
wm geometry . 900x765+-1252+97
Mdi:ArrangeIcons
wm geometry . 900x765+-1247+97
Mdi:ArrangeIcons
wm geometry . 900x765+-1244+97
Mdi:ArrangeIcons
wm geometry . 900x765+-1239+97
Mdi:ArrangeIcons
wm geometry . 900x765+-1234+97
Mdi:ArrangeIcons
wm geometry . 900x765+-1229+97
Mdi:ArrangeIcons
wm geometry . 900x765+-1226+97
Mdi:ArrangeIcons
wm geometry . 900x765+-1221+97
Mdi:ArrangeIcons
wm geometry . 900x765+-1218+97
Mdi:ArrangeIcons
wm geometry . 900x765+-1213+97
Mdi:ArrangeIcons
wm geometry . 900x765+-1207+97
Mdi:ArrangeIcons
wm geometry . 900x765+-1202+97
Mdi:ArrangeIcons
wm geometry . 900x765+-1196+97
Mdi:ArrangeIcons
wm geometry . 900x765+-1193+97
Mdi:ArrangeIcons
wm geometry . 900x765+-1188+97
Mdi:ArrangeIcons
wm geometry . 900x765+-1185+97
Mdi:ArrangeIcons
wm geometry . 900x765+-1179+97
Mdi:ArrangeIcons
wm geometry . 900x765+-1173+98
Mdi:ArrangeIcons
wm geometry . 900x765+-1171+98
Mdi:ArrangeIcons
wm geometry . 900x765+-1165+98
Mdi:ArrangeIcons
wm geometry . 900x765+-1160+98
Mdi:ArrangeIcons
wm geometry . 900x765+-1155+98
Mdi:ArrangeIcons
wm geometry . 900x765+-1153+98
Mdi:ArrangeIcons
wm geometry . 900x765+-1148+99
Mdi:ArrangeIcons
wm geometry . 900x765+-1145+99
Mdi:ArrangeIcons
wm geometry . 900x765+-1140+99
Mdi:ArrangeIcons
wm geometry . 900x765+-1138+99
Mdi:ArrangeIcons
wm geometry . 900x765+-1134+99
Mdi:ArrangeIcons
wm geometry . 900x765+-1130+100
Mdi:ArrangeIcons
wm geometry . 900x765+-1125+100
Mdi:ArrangeIcons
wm geometry . 900x765+-1124+100
Mdi:ArrangeIcons
wm geometry . 900x765+-1121+100
Mdi:ArrangeIcons
wm geometry . 900x765+-1117+100
Mdi:ArrangeIcons
wm geometry . 900x765+-1115+101
Mdi:ArrangeIcons
wm geometry . 900x765+-1114+101
Mdi:ArrangeIcons
wm geometry . 900x765+-1112+101
Mdi:ArrangeIcons
wm geometry . 900x765+-1110+101
Mdi:ArrangeIcons
wm geometry . 900x765+-1109+101
Mdi:ArrangeIcons
wm geometry . 900x765+-1108+101
Mdi:ArrangeIcons
wm geometry . 900x765+-1107+101
Mdi:ArrangeIcons
wm geometry . 900x765+-1106+101
Mdi:ArrangeIcons
wm geometry . 900x765+-1105+101
Mdi:ArrangeIcons
wm geometry . 900x765+-1105+102
Mdi:ArrangeIcons
wm geometry . 900x765+-1104+102
Mdi:ArrangeIcons
wm geometry . 900x765+-1103+102
Mdi:ArrangeIcons
wm geometry . 900x765+-1102+102
Mdi:ArrangeIcons
wm geometry . 900x765+-1101+102
Mdi:ArrangeIcons
wm geometry . 900x765+-1101+101
Mdi:ArrangeIcons
wm geometry . 900x765+-1100+101
Mdi:ArrangeIcons
wm geometry . 900x765+-1099+101
Mdi:ArrangeIcons
wm geometry . 900x765+-1098+101
Mdi:ArrangeIcons
wm geometry . 900x765+-1097+101
Mdi:ArrangeIcons
wm geometry . 900x765+-1096+101
Mdi:ArrangeIcons
wm geometry . 900x765+-1095+101
Mdi:ArrangeIcons
wm geometry . 900x765+-1094+101
Mdi:ArrangeIcons
wm geometry . 900x765+-1093+101
Mdi:ArrangeIcons
wm geometry . 900x765+-1092+101
Mdi:ArrangeIcons
wm geometry . 900x765+-1091+101
Mdi:ArrangeIcons
wm geometry . 900x765+-1090+101
Mdi:ArrangeIcons
wm geometry . 900x765+-1089+101
Mdi:ArrangeIcons
wm geometry . 900x765+-1088+101
Mdi:ArrangeIcons
wm geometry . 900x765+-1087+101
Mdi:ArrangeIcons
wm geometry . 900x765+-1086+101
Mdi:ArrangeIcons
wm geometry . 900x765+-1085+100
Mdi:ArrangeIcons
wm geometry . 900x765+-1084+100
Mdi:ArrangeIcons
wm geometry . 900x765+-1083+100
Mdi:ArrangeIcons
wm geometry . 900x765+-1082+100
Mdi:ArrangeIcons
wm geometry . 900x765+-1082+99
Mdi:ArrangeIcons
wm geometry . 900x765+-1081+99
Mdi:ArrangeIcons
wm geometry . 900x765+-1080+99
Mdi:ArrangeIcons
wm geometry . 900x765+-1079+99
Mdi:ArrangeIcons
wm geometry . 900x765+-1078+99
Mdi:ArrangeIcons
wm geometry . 900x765+-1077+99
Mdi:ArrangeIcons
Mdi:ArrangeIcons
ScopeSigMgr:Unload 0 {{(1) hspice.tr0}}
Graph0 delsignal Signal52
Graph0 delsignal Signal53
Graph0 delsignal Signal54
Mdi:ArrangeIcons
